\BOOKMARK [1][-]{section.1}{Introduction}{}% 1
\BOOKMARK [1][-]{section.2}{Background}{}% 2
\BOOKMARK [2][-]{subsection.2.1}{History}{section.2}% 3
\BOOKMARK [2][-]{subsection.2.2}{Definitions}{section.2}% 4
\BOOKMARK [2][-]{subsection.2.3}{Principles}{section.2}% 5
\BOOKMARK [1][-]{section.3}{Case Studies}{}% 6
\BOOKMARK [2][-]{subsection.3.1}{Animations}{section.3}% 7
\BOOKMARK [2][-]{subsection.3.2}{Notifications}{section.3}% 8
\BOOKMARK [2][-]{subsection.3.3}{``Pull to Refresh''}{section.3}% 9
\BOOKMARK [2][-]{subsection.3.4}{Autoplay \046 Infinite Scroll}{section.3}% 10
\BOOKMARK [1][-]{section.4}{Dark Patterns}{}% 11
\BOOKMARK [2][-]{subsection.4.1}{Definition}{section.4}% 12
\BOOKMARK [2][-]{subsection.4.2}{Examples}{section.4}% 13
\BOOKMARK [3][-]{subsubsection.4.2.1}{Bait and Switch}{subsection.4.2}% 14
\BOOKMARK [3][-]{subsubsection.4.2.2}{Roach Motel}{subsection.4.2}% 15
\BOOKMARK [3][-]{subsubsection.4.2.3}{Misdirection and Confirmshaming}{subsection.4.2}% 16
\BOOKMARK [2][-]{subsection.4.3}{Analysis}{section.4}% 17
\BOOKMARK [1][-]{section.5}{Applications}{}% 18
\BOOKMARK [2][-]{subsection.5.1}{Persuasive Design}{section.5}% 19
\BOOKMARK [2][-]{subsection.5.2}{Interfaces as Environments}{section.5}% 20
\BOOKMARK [2][-]{subsection.5.3}{Christian Integration}{section.5}% 21
\BOOKMARK [3][-]{subsubsection.5.3.1}{Design as Loving Neighbor}{subsection.5.3}% 22
\BOOKMARK [3][-]{subsubsection.5.3.2}{Design as Leadership}{subsection.5.3}% 23
\BOOKMARK [3][-]{subsubsection.5.3.3}{Interfaces as Mediators}{subsection.5.3}% 24
\BOOKMARK [1][-]{section.6}{Conclusion}{}% 25
